# JRE version: OpenJDK Runtime Environment Temurin-21.0.1+12 (21.0.1+12) (build 21.0.1+12-LTS)
# Java VM: OpenJDK 64-Bit Server VM Temurin-21.0.1+12 (21.0.1+12-LTS, mixed mode, sharing, tiered, compressed oops, compressed class ptrs, g1 gc, windows-amd64)
GC Precious Log:
 CardTable entry size: 512
 Card Set container configuration: InlinePtr #cards 4 size 8 Array Of Cards #cards 16 size 48 Howl #buckets 8 coarsen threshold 3686 Howl Bitmap #cards 512 size 80 coarsen threshold 460 Card regions per heap region 1 cards per card region 4096
 CPUs: 16 total, 16 available
 Memory: 15679M
 Large Page Support: Disabled
 NUMA Support: Disabled
 Compressed Oops: Enabled (Zero based)
 Heap Region Size: 2M
 Heap Min Capacity: 512M
 Heap Initial Capacity: 512M
 Heap Max Capacity: 4072M
 Pre-touch: Disabled
 Parallel Workers: 13
 Concurrent Workers: 3
 Concurrent Refinement Workers: 13
 Periodic GC: Disabled
 String Deduplication is enabled
Heap:
 garbage-first heap   total 524288K, used 145984K [0x0000000701800000, 0x0000000800000000)
  region size 2048K, 28 young (57344K), 0 survivors (0K)
 Metaspace       used 86482K, committed 87104K, reserved 1179648K
  class space    used 11813K, committed 12096K, reserved 1048576K
GC Heap History (20 events):
Event: 97.751 GC heap before
{Heap before GC invocations=22 (full 4):
 garbage-first heap   total 524288K, used 167753K [0x0000000701800000, 0x0000000800000000)
  region size 2048K, 40 young (81920K), 2 survivors (4096K)
 Metaspace       used 77826K, committed 78336K, reserved 1179648K
  class space    used 10633K, committed 10880K, reserved 1048576K
}
Event: 97.755 GC heap after
{Heap after GC invocations=23 (full 4):
 garbage-first heap   total 524288K, used 89398K [0x0000000701800000, 0x0000000800000000)
  region size 2048K, 1 young (2048K), 1 survivors (2048K)
 Metaspace       used 77826K, committed 78336K, reserved 1179648K
  class space    used 10633K, committed 10880K, reserved 1048576K
}
Event: 104.294 GC heap before
{Heap before GC invocations=23 (full 4):
 garbage-first heap   total 524288K, used 169270K [0x0000000701800000, 0x0000000800000000)
  region size 2048K, 40 young (81920K), 1 survivors (2048K)
 Metaspace       used 79085K, committed 79616K, reserved 1179648K
  class space    used 10818K, committed 11072K, reserved 1048576K
}
Event: 104.297 GC heap after
{Heap after GC invocations=24 (full 4):
 garbage-first heap   total 524288K, used 89902K [0x0000000701800000, 0x0000000800000000)
  region size 2048K, 2 young (4096K), 2 survivors (4096K)
 Metaspace       used 79085K, committed 79616K, reserved 1179648K
  class space    used 10818K, committed 11072K, reserved 1048576K
}
Event: 104.731 GC heap before
{Heap before GC invocations=24 (full 4):
 garbage-first heap   total 524288K, used 167726K [0x0000000701800000, 0x0000000800000000)
  region size 2048K, 40 young (81920K), 2 survivors (4096K)
 Metaspace       used 79571K, committed 80128K, reserved 1179648K
  class space    used 10934K, committed 11200K, reserved 1048576K
}
Event: 104.735 GC heap after
{Heap after GC invocations=25 (full 4):
 garbage-first heap   total 524288K, used 91353K [0x0000000701800000, 0x0000000800000000)
  region size 2048K, 2 young (4096K), 2 survivors (4096K)
 Metaspace       used 79571K, committed 80128K, reserved 1179648K
  class space    used 10934K, committed 11200K, reserved 1048576K
}
Event: 105.006 GC heap before
{Heap before GC invocations=25 (full 4):
 garbage-first heap   total 524288K, used 169177K [0x0000000701800000, 0x0000000800000000)
  region size 2048K, 40 young (81920K), 2 survivors (4096K)
 Metaspace       used 79571K, committed 80128K, reserved 1179648K
  class space    used 10934K, committed 11200K, reserved 1048576K
}
Event: 105.009 GC heap after
{Heap after GC invocations=26 (full 4):
 garbage-first heap   total 524288K, used 91490K [0x0000000701800000, 0x0000000800000000)
  region size 2048K, 2 young (4096K), 2 survivors (4096K)
 Metaspace       used 79571K, committed 80128K, reserved 1179648K
  class space    used 10934K, committed 11200K, reserved 1048576K
}
Event: 105.310 GC heap before
{Heap before GC invocations=26 (full 4):
 garbage-first heap   total 524288K, used 169314K [0x0000000701800000, 0x0000000800000000)
  region size 2048K, 40 young (81920K), 2 survivors (4096K)
 Metaspace       used 79572K, committed 80128K, reserved 1179648K
  class space    used 10934K, committed 11200K, reserved 1048576K
}
Event: 105.314 GC heap after
{Heap after GC invocations=27 (full 4):
 garbage-first heap   total 524288K, used 91703K [0x0000000701800000, 0x0000000800000000)
  region size 2048K, 3 young (6144K), 3 survivors (6144K)
 Metaspace       used 79572K, committed 80128K, reserved 1179648K
  class space    used 10934K, committed 11200K, reserved 1048576K
}
Event: 105.561 GC heap before
{Heap before GC invocations=27 (full 4):
 garbage-first heap   total 524288K, used 167479K [0x0000000701800000, 0x0000000800000000)
  region size 2048K, 40 young (81920K), 3 survivors (6144K)
 Metaspace       used 79577K, committed 80128K, reserved 1179648K
  class space    used 10934K, committed 11200K, reserved 1048576K
}
Event: 105.565 GC heap after
{Heap after GC invocations=28 (full 4):
 garbage-first heap   total 524288K, used 92228K [0x0000000701800000, 0x0000000800000000)
  region size 2048K, 3 young (6144K), 3 survivors (6144K)
 Metaspace       used 79577K, committed 80128K, reserved 1179648K
  class space    used 10934K, committed 11200K, reserved 1048576K
}
Event: 105.781 GC heap before
{Heap before GC invocations=28 (full 4):
 garbage-first heap   total 524288K, used 168004K [0x0000000701800000, 0x0000000800000000)
  region size 2048K, 40 young (81920K), 3 survivors (6144K)
 Metaspace       used 79592K, committed 80128K, reserved 1179648K
  class space    used 10934K, committed 11200K, reserved 1048576K
}
Event: 105.786 GC heap after
{Heap after GC invocations=29 (full 4):
 garbage-first heap   total 524288K, used 92402K [0x0000000701800000, 0x0000000800000000)
  region size 2048K, 3 young (6144K), 3 survivors (6144K)
 Metaspace       used 79592K, committed 80128K, reserved 1179648K
  class space    used 10934K, committed 11200K, reserved 1048576K
}
Event: 106.764 GC heap before
{Heap before GC invocations=29 (full 4):
 garbage-first heap   total 524288K, used 168178K [0x0000000701800000, 0x0000000800000000)
  region size 2048K, 40 young (81920K), 3 survivors (6144K)
 Metaspace       used 81507K, committed 82112K, reserved 1179648K
  class space    used 11239K, committed 11520K, reserved 1048576K
}
Event: 106.769 GC heap after
{Heap after GC invocations=30 (full 4):
 garbage-first heap   total 524288K, used 94207K [0x0000000701800000, 0x0000000800000000)
  region size 2048K, 4 young (8192K), 4 survivors (8192K)
 Metaspace       used 81507K, committed 82112K, reserved 1179648K
  class space    used 11239K, committed 11520K, reserved 1048576K
}
Event: 107.194 GC heap before
{Heap before GC invocations=30 (full 4):
 garbage-first heap   total 524288K, used 167935K [0x0000000701800000, 0x0000000800000000)
  region size 2048K, 40 young (81920K), 4 survivors (8192K)
 Metaspace       used 81517K, committed 82112K, reserved 1179648K
  class space    used 11239K, committed 11520K, reserved 1048576K
}
Event: 107.198 GC heap after
{Heap after GC invocations=31 (full 4):
 garbage-first heap   total 524288K, used 93720K [0x0000000701800000, 0x0000000800000000)
  region size 2048K, 3 young (6144K), 3 survivors (6144K)
 Metaspace       used 81517K, committed 82112K, reserved 1179648K
  class space    used 11239K, committed 11520K, reserved 1048576K
}
Event: 107.584 GC heap before
{Heap before GC invocations=31 (full 4):
 garbage-first heap   total 524288K, used 146968K [0x0000000701800000, 0x0000000800000000)
  region size 2048K, 30 young (61440K), 3 survivors (6144K)
 Metaspace       used 81712K, committed 82304K, reserved 1179648K
  class space    used 11249K, committed 11520K, reserved 1048576K
}
Event: 107.649 GC heap after
{Heap after GC invocations=32 (full 5):
 garbage-first heap   total 524288K, used 90688K [0x0000000701800000, 0x0000000800000000)
  region size 2048K, 0 young (0K), 0 survivors (0K)
 Metaspace       used 81712K, committed 82304K, reserved 1179648K
  class space    used 11249K, committed 11520K, reserved 1048576K
}

